This is LuaHBTeX, Version 1.14.0 (TeX Live 2022/dev/Debian)  (format=lualatex 2024.10.30)  30 OCT 2024 14:17
 restricted system commands enabled.
**/home/kazu/tex_ws/2024/情報工学実験I/プログラミング演習4.tex
(/home/kazu/tex_ws/2024/情報工学実験I/プログラミング演習4.tex
LaTeX2e <2021-11-15> patch level 1
[\directlua]:1: module 'luaotfload-main' not found:
	no field package.preload['luaotfload-main']
	[kpse lua searcher] file not found: 'luaotfload-main'
Error in luaotfload: reverting to OT1 L3 programming layer <2022-01-21>
Inserting `tracingstacklevels' at position 1 in `input_level_string'. (/usr/share/texlive/texmf-dist/tex/latex/base/article.cls
Document Class: article 2021/10/04 v1.4n Standard LaTeX document class
(/usr/share/texlive/texmf-dist/tex/latex/base/size12.clo
File: size12.clo 2021/10/04 v1.4n Standard LaTeX file (size option)
LaTeX Font Info:    Trying to load font information for OT1+lmr on input line 54.
(/usr/share/texmf/tex/latex/lm/ot1lmr.fd
File: ot1lmr.fd 2009/10/30 v1.6 Font defs for Latin Modern
))
\c@part=\count183
\c@section=\count184
\c@subsection=\count185
\c@subsubsection=\count186
\c@paragraph=\count187
\c@subparagraph=\count188
\c@figure=\count189
\c@table=\count190
\abovecaptionskip=\skip47
\belowcaptionskip=\skip48
\bibindent=\dimen137
) (/usr/share/texlive/texmf-dist/tex/latex/base/inputenc.sty
Package: inputenc 2021/02/14 v1.3d Input encoding file
\inpenc@prehook=\toks16
\inpenc@posthook=\toks17

Package inputenc Warning: inputenc package ignored with utf8 based engines.

) (/usr/share/texlive/texmf-dist/tex/luatex/luatexja/luatexja.sty
Package: luatexja 2022-01-03 Japanese Typesetting with Lua(La)TeX
(/usr/share/texlive/texmf-dist/tex/luatex/luatexja/luatexja-core.sty
Package: luatexja-core 2021-05-21 Core of LuaTeX-ja

! LaTeX Error: File `luatexbase.sty' not found.

Type X to quit or <RETURN> to proceed,
or enter new name. (Default extension: sty)

Enter file name: 
! Emergency stop.
<read *> 
   
l.77   \RequirePackage
                    {luaotfload}
*** (cannot \read from terminal in nonstop modes)



Here is how much of LuaTeX's memory you used:
 375 strings out of 477805
 100000,383344 words of node,token memory allocated 349 words of node memory still in use:
   2 hlist, 1 rule, 1 dir, 48 glue_spec, 4 if_stack, 1 write nodes
   avail lists: 2:8,3:2,4:1,5:1,7:2,9:3
 21138 multiletter control sequences out of 65536+600000
 15 fonts using 633019 bytes
 49i,0n,55p,222b,82s stack positions out of 5000i,500n,10000p,200000b,80000s
!  ==> Fatal error occurred, no output PDF file produced!
